frontend/build/app/intermediates/manifest_merge_blame_file/debug/processDebugMainManifest/manifest-merger-blame-debug-report.txt
1<?xml version="1.0" encoding="utf-8"?>
2<manifest xmlns:android="http://schemas.android.com/apk/res/android"
3    package="com.example.user_samp"
4    android:versionCode="1"
5    android:versionName="1.0.0" >
6
7    <uses-sdk
8        android:minSdkVersion="21"
9        android:targetSdkVersion="35" />
10    <!--
11         The INTERNET permission is required for development. Specifically,
12         the Flutter tool needs it to communicate with the running application
13         to allow setting breakpoints, to provide hot reload, etc.
14    -->
15    <uses-permission android:name="android.permission.INTERNET" />
15-->src\debug\AndroidManifest.xml:6:5-66
15-->src\debug\AndroidManifest.xml:6:22-64
16    <!--
17     Required to query activities that can process text, see:
18         https://developer.android.com/training/package-visibility and
19         https://developer.android.com/reference/android/content/Intent#ACTION_PROCESS_TEXT.
20
21         In particular, this is used by the Flutter engine in io.flutter.plugin.text.ProcessTextPlugin.
22    -->
23    <queries>
23-->src\main\AndroidManifest.xml:40:5-45:15
24        <intent>
24-->src\main\AndroidManifest.xml:41:9-44:18
25            <action android:name="android.intent.action.PROCESS_TEXT" />
25-->src\main\AndroidManifest.xml:42:13-72
25-->src\main\AndroidManifest.xml:42:21-70
26
27            <data android:mimeType="text/plain" />
27-->src\main\AndroidManifest.xml:43:13-50
27-->src\main\AndroidManifest.xml:43:19-48
28        </intent>
29        <!-- Needs to be explicitly declared on Android R+ -->
30        <package android:name="com.google.android.apps.maps" />
30-->[com.google.android.gms:play-services-maps:18.2.0] AndroidManifest.xml:33:9-64
30-->[com.google.android.gms:play-services-maps:18.2.0] AndroidManifest.xml:33:18-61
31    </queries>
32
33    <uses-permission android:name="android.permission.ACCESS_FINE_LOCATION" />
33-->src\main\AndroidManifest.xml:47:5-78
33-->src\main\AndroidManifest.xml:47:22-76
34    <uses-permission android:name="android.permission.ACCESS_COARSE_LOCATION" /> <!-- Include required permissions for Google Maps API to run. -->
34-->src\main\AndroidManifest.xml:48:5-80
34-->src\main\AndroidManifest.xml:48:22-78
35    <uses-permission android:name="android.permission.ACCESS_NETWORK_STATE" />
35-->[com.google.android.gms:play-services-maps:18.2.0] AndroidManifest.xml:23:5-79
35-->[com.google.android.gms:play-services-maps:18.2.0] AndroidManifest.xml:23:22-76
36
37    <uses-feature
37-->[com.google.android.gms:play-services-maps:18.2.0] AndroidManifest.xml:26:5-28:35
38        android:glEsVersion="0x00020000"
38-->[com.google.android.gms:play-services-maps:18.2.0] AndroidManifest.xml:27:9-41
39        android:required="true" />
39-->[com.google.android.gms:play-services-maps:18.2.0] AndroidManifest.xml:28:9-32
40
41    <permission
41-->[androidx.core:core:1.13.1] AndroidManifest.xml:22:5-24:47
42        android:name="com.example.user_samp.DYNAMIC_RECEIVER_NOT_EXPORTED_PERMISSION"
42-->[androidx.core:core:1.13.1] AndroidManifest.xml:23:9-81
43        android:protectionLevel="signature" />
43-->[androidx.core:core:1.13.1] AndroidManifest.xml:24:9-44
44
45    <uses-permission android:name="com.example.user_samp.DYNAMIC_RECEIVER_NOT_EXPORTED_PERMISSION" />
45-->[androidx.core:core:1.13.1] AndroidManifest.xml:26:5-97
45-->[androidx.core:core:1.13.1] AndroidManifest.xml:26:22-94
46
47    <application
48        android:name="android.app.Application"
49        android:appComponentFactory="androidx.core.app.CoreComponentFactory"
49-->[androidx.core:core:1.13.1] AndroidManifest.xml:28:18-86
50        android:debuggable="true"
51        android:extractNativeLibs="true"
52        android:icon="@mipmap/ic_launcher"
53        android:label="user_samp" >
54        <activity
55            android:name="com.example.user_samp.MainActivity"
56            android:configChanges="orientation|keyboardHidden|keyboard|screenSize|smallestScreenSize|locale|layoutDirection|fontScale|screenLayout|density|uiMode"
57            android:exported="true"
58            android:hardwareAccelerated="true"
59            android:launchMode="singleTop"
60            android:taskAffinity=""
61            android:theme="@style/LaunchTheme"
62            android:windowSoftInputMode="adjustResize" >
63
64            <!--
65                 Specifies an Android theme to apply to this Activity as soon as
66                 the Android process has started. This theme is visible to the user
67                 while the Flutter UI initializes. After that, this theme continues
68                 to determine the Window background behind the Flutter UI.
69            -->
70            <meta-data
71                android:name="io.flutter.embedding.android.NormalTheme"
72                android:resource="@style/NormalTheme" />
73
74            <intent-filter>
75                <action android:name="android.intent.action.MAIN" />
76
77                <category android:name="android.intent.category.LAUNCHER" />
78            </intent-filter>
79        </activity>
80        <!--
81             Don't delete the meta-data below.
82             This is used by the Flutter tool to generate GeneratedPluginRegistrant.java
83        -->
84        <meta-data
85            android:name="flutterEmbedding"
86            android:value="2" />
87
88        <service
88-->[:geolocator_android] AndroidManifest.xml:8:9-12:56
89            android:name="com.baseflow.geolocator.GeolocatorLocationService"
89-->[:geolocator_android] AndroidManifest.xml:9:13-77
90            android:enabled="true"
90-->[:geolocator_android] AndroidManifest.xml:10:13-35
91            android:exported="false"
91-->[:geolocator_android] AndroidManifest.xml:11:13-37
92            android:foregroundServiceType="location" />
92-->[:geolocator_android] AndroidManifest.xml:12:13-53
93
94        <provider
94-->[:image_picker_android] AndroidManifest.xml:9:9-17:20
95            android:name="io.flutter.plugins.imagepicker.ImagePickerFileProvider"
95-->[:image_picker_android] AndroidManifest.xml:10:13-82
96            android:authorities="com.example.user_samp.flutter.image_provider"
96-->[:image_picker_android] AndroidManifest.xml:11:13-74
97            android:exported="false"
97-->[:image_picker_android] AndroidManifest.xml:12:13-37
98            android:grantUriPermissions="true" >
98-->[:image_picker_android] AndroidManifest.xml:13:13-47
99            <meta-data
99-->[:image_picker_android] AndroidManifest.xml:14:13-16:75
100                android:name="android.support.FILE_PROVIDER_PATHS"
100-->[:image_picker_android] AndroidManifest.xml:15:17-67
101                android:resource="@xml/flutter_image_picker_file_paths" />
101-->[:image_picker_android] AndroidManifest.xml:16:17-72
102        </provider> <!-- Trigger Google Play services to install the backported photo picker module. -->
103        <service
103-->[:image_picker_android] AndroidManifest.xml:19:9-31:19
104            android:name="com.google.android.gms.metadata.ModuleDependencies"
104-->[:image_picker_android] AndroidManifest.xml:20:13-78
105            android:enabled="false"
105-->[:image_picker_android] AndroidManifest.xml:21:13-36
106            android:exported="false" >
106-->[:image_picker_android] AndroidManifest.xml:22:13-37
107            <intent-filter>
107-->[:image_picker_android] AndroidManifest.xml:24:13-26:29
108                <action android:name="com.google.android.gms.metadata.MODULE_DEPENDENCIES" />
108-->[:image_picker_android] AndroidManifest.xml:25:17-94
108-->[:image_picker_android] AndroidManifest.xml:25:25-91
109            </intent-filter>
110
111            <meta-data
111-->[:image_picker_android] AndroidManifest.xml:28:13-30:36
112                android:name="photopicker_activity:0:required"
112-->[:image_picker_android] AndroidManifest.xml:29:17-63
113                android:value="" />
113-->[:image_picker_android] AndroidManifest.xml:30:17-33
114        </service> <!-- Needs to be explicitly declared on P+ -->
115        <uses-library
115-->[com.google.android.gms:play-services-maps:18.2.0] AndroidManifest.xml:39:9-41:40
116            android:name="org.apache.http.legacy"
116-->[com.google.android.gms:play-services-maps:18.2.0] AndroidManifest.xml:40:13-50
117            android:required="false" />
117-->[com.google.android.gms:play-services-maps:18.2.0] AndroidManifest.xml:41:13-37
118
119        <activity
119-->[com.google.android.gms:play-services-base:18.3.0] AndroidManifest.xml:20:9-22:45
120            android:name="com.google.android.gms.common.api.GoogleApiActivity"
120-->[com.google.android.gms:play-services-base:18.3.0] AndroidManifest.xml:20:19-85
121            android:exported="false"
121-->[com.google.android.gms:play-services-base:18.3.0] AndroidManifest.xml:22:19-43
122            android:theme="@android:style/Theme.Translucent.NoTitleBar" />
122-->[com.google.android.gms:play-services-base:18.3.0] AndroidManifest.xml:21:19-78
123
124        <meta-data
124-->[com.google.android.gms:play-services-basement:18.3.0] AndroidManifest.xml:21:9-23:69
125            android:name="com.google.android.gms.version"
125-->[com.google.android.gms:play-services-basement:18.3.0] AndroidManifest.xml:22:13-58
126            android:value="@integer/google_play_services_version" />
126-->[com.google.android.gms:play-services-basement:18.3.0] AndroidManifest.xml:23:13-66
127
128        <uses-library
128-->[androidx.window:window:1.2.0] AndroidManifest.xml:23:9-25:40
129            android:name="androidx.window.extensions"
129-->[androidx.window:window:1.2.0] AndroidManifest.xml:24:13-54
130            android:required="false" />
130-->[androidx.window:window:1.2.0] AndroidManifest.xml:25:13-37
131        <uses-library
131-->[androidx.window:window:1.2.0] AndroidManifest.xml:26:9-28:40
132            android:name="androidx.window.sidecar"
132-->[androidx.window:window:1.2.0] AndroidManifest.xml:27:13-51
133            android:required="false" />
133-->[androidx.window:window:1.2.0] AndroidManifest.xml:28:13-37
134
135        <provider
135-->[androidx.lifecycle:lifecycle-process:2.7.0] AndroidManifest.xml:24:9-32:20
136            android:name="androidx.startup.InitializationProvider"
136-->[androidx.lifecycle:lifecycle-process:2.7.0] AndroidManifest.xml:25:13-67
137            android:authorities="com.example.user_samp.androidx-startup"
137-->[androidx.lifecycle:lifecycle-process:2.7.0] AndroidManifest.xml:26:13-68
138            android:exported="false" >
138-->[androidx.lifecycle:lifecycle-process:2.7.0] AndroidManifest.xml:27:13-37
139            <meta-data
139-->[androidx.lifecycle:lifecycle-process:2.7.0] AndroidManifest.xml:29:13-31:52
140                android:name="androidx.lifecycle.ProcessLifecycleInitializer"
140-->[androidx.lifecycle:lifecycle-process:2.7.0] AndroidManifest.xml:30:17-78
141                android:value="androidx.startup" />
141-->[androidx.lifecycle:lifecycle-process:2.7.0] AndroidManifest.xml:31:17-49
142            <meta-data
142-->[androidx.profileinstaller:profileinstaller:1.3.1] AndroidManifest.xml:29:13-31:52
143                android:name="androidx.profileinstaller.ProfileInstallerInitializer"
143-->[androidx.profileinstaller:profileinstaller:1.3.1] AndroidManifest.xml:30:17-85
144                android:value="androidx.startup" />
144-->[androidx.profileinstaller:profileinstaller:1.3.1] AndroidManifest.xml:31:17-49
145        </provider>
146
147        <receiver
147-->[androidx.profileinstaller:profileinstaller:1.3.1] AndroidManifest.xml:34:9-52:20
148            android:name="androidx.profileinstaller.ProfileInstallReceiver"
148-->[androidx.profileinstaller:profileinstaller:1.3.1] AndroidManifest.xml:35:13-76
149            android:directBootAware="false"
149-->[androidx.profileinstaller:profileinstaller:1.3.1] AndroidManifest.xml:36:13-44
150            android:enabled="true"
150-->[androidx.profileinstaller:profileinstaller:1.3.1] AndroidManifest.xml:37:13-35
151            android:exported="true"
151-->[androidx.profileinstaller:profileinstaller:1.3.1] AndroidManifest.xml:38:13-36
152            android:permission="android.permission.DUMP" >
152-->[androidx.profileinstaller:profileinstaller:1.3.1] AndroidManifest.xml:39:13-57
153            <intent-filter>
153-->[androidx.profileinstaller:profileinstaller:1.3.1] AndroidManifest.xml:40:13-42:29
154                <action android:name="androidx.profileinstaller.action.INSTALL_PROFILE" />
154-->[androidx.profileinstaller:profileinstaller:1.3.1] AndroidManifest.xml:41:17-91
154-->[androidx.profileinstaller:profileinstaller:1.3.1] AndroidManifest.xml:41:25-88
155            </intent-filter>
156            <intent-filter>
156-->[androidx.profileinstaller:profileinstaller:1.3.1] AndroidManifest.xml:43:13-45:29
157                <action android:name="androidx.profileinstaller.action.SKIP_FILE" />
157-->[androidx.profileinstaller:profileinstaller:1.3.1] AndroidManifest.xml:44:17-85
157-->[androidx.profileinstaller:profileinstaller:1.3.1] AndroidManifest.xml:44:25-82
158            </intent-filter>
159            <intent-filter>
159-->[androidx.profileinstaller:profileinstaller:1.3.1] AndroidManifest.xml:46:13-48:29
160                <action android:name="androidx.profileinstaller.action.SAVE_PROFILE" />
160-->[androidx.profileinstaller:profileinstaller:1.3.1] AndroidManifest.xml:47:17-88
160-->[androidx.profileinstaller:profileinstaller:1.3.1] AndroidManifest.xml:47:25-85
161            </intent-filter>
162            <intent-filter>
162-->[androidx.profileinstaller:profileinstaller:1.3.1] AndroidManifest.xml:49:13-51:29
163                <action android:name="androidx.profileinstaller.action.BENCHMARK_OPERATION" />
163-->[androidx.profileinstaller:profileinstaller:1.3.1] AndroidManifest.xml:50:17-95
163-->[androidx.profileinstaller:profileinstaller:1.3.1] AndroidManifest.xml:50:25-92
164            </intent-filter>
165        </receiver>
166    </application>
167
168</manifest>